03, 20, 2018 (14:42:35): Opening rpy file C:\Program Files (x86)\IBM\Rational\Rhapsody Modeler\7.5\Share\Properties\PredefinedTypes.sbs
03, 20, 2018 (14:42:35): 
 Started loading C:\Program Files (x86)\IBM\Rational\Rhapsody Modeler\7.5\Share\Properties\PredefinedTypes.sbs on Tuesday, March 20, 2018 (14:42:35).-

03, 20, 2018 (14:42:35): 

Starting inUnit resolution phase


03, 20, 2018 (14:42:35): 

Finished inUnit resolution phase


03, 20, 2018 (14:42:35): 
 Finished loading C:\Program Files (x86)\IBM\Rational\Rhapsody Modeler\7.5\Share\Properties\PredefinedTypes.sbs on Tuesday, March 20, 2018 (14:42:35).-

03, 20, 2018 (14:42:35): Opening rpy file C:\Program Files (x86)\IBM\Rational\Rhapsody Modeler\7.5\Share\Properties\PredefinedTypesC++.sbs
03, 20, 2018 (14:42:35): 
 Started loading C:\Program Files (x86)\IBM\Rational\Rhapsody Modeler\7.5\Share\Properties\PredefinedTypesC++.sbs on Tuesday, March 20, 2018 (14:42:35).-

03, 20, 2018 (14:42:35): 

Starting inUnit resolution phase


03, 20, 2018 (14:42:35): 

Finished inUnit resolution phase


03, 20, 2018 (14:42:35): 
 Finished loading C:\Program Files (x86)\IBM\Rational\Rhapsody Modeler\7.5\Share\Properties\PredefinedTypesC++.sbs on Tuesday, March 20, 2018 (14:42:35).-

03, 20, 2018 (14:42:35): Opening rpy file C:\Users\aluno\Documents\gkk\IM420O\sysml\Tutorial\Tutorial.rpy
03, 20, 2018 (14:42:35): 
 Started loading C:\Users\aluno\Documents\gkk\IM420O\sysml\Tutorial\Tutorial.rpy on Tuesday, March 20, 2018 (14:42:35).-

03, 20, 2018 (14:42:35): Opening rpy file C:\Users\aluno\Documents\gkk\IM420O\sysml\Tutorial\Tutorial_rpy\Default.sbs
03, 20, 2018 (14:42:35): 
 Started loading C:\Users\aluno\Documents\gkk\IM420O\sysml\Tutorial\Tutorial_rpy\Default.sbs on Tuesday, March 20, 2018 (14:42:35).-

03, 20, 2018 (14:42:35): 

Starting inUnit resolution phase


03, 20, 2018 (14:42:35): 

Finished inUnit resolution phase


03, 20, 2018 (14:42:35): 
 Finished loading C:\Users\aluno\Documents\gkk\IM420O\sysml\Tutorial\Tutorial_rpy\Default.sbs on Tuesday, March 20, 2018 (14:42:35).-

03, 20, 2018 (14:42:35): Opening rpy file C:\Users\aluno\Documents\gkk\IM420O\sysml\Tutorial\Tutorial_rpy\DefaultComponent.cmp
03, 20, 2018 (14:42:35): 
 Started loading C:\Users\aluno\Documents\gkk\IM420O\sysml\Tutorial\Tutorial_rpy\DefaultComponent.cmp on Tuesday, March 20, 2018 (14:42:35).-

03, 20, 2018 (14:42:35): 

Starting inUnit resolution phase


03, 20, 2018 (14:42:35): 

Finished inUnit resolution phase


03, 20, 2018 (14:42:35): 
 Finished loading C:\Users\aluno\Documents\gkk\IM420O\sysml\Tutorial\Tutorial_rpy\DefaultComponent.cmp on Tuesday, March 20, 2018 (14:42:35).-

03, 20, 2018 (14:42:35): 

Starting inUnit resolution phase


03, 20, 2018 (14:42:35): 

Finished inUnit resolution phase


03, 20, 2018 (14:42:35): 

Starting inUnit resolution phase


03, 20, 2018 (14:42:35): 

Finished inUnit resolution phase


03, 20, 2018 (14:42:35): 

Starting inUnit resolution phase


03, 20, 2018 (14:42:35): 

Finished inUnit resolution phase


03, 20, 2018 (14:42:35): 
 Finished loading C:\Users\aluno\Documents\gkk\IM420O\sysml\Tutorial\Tutorial.rpy on Tuesday, March 20, 2018 (14:42:35).-

03, 20, 2018 (14:42:35): Starting checks of EventsBaseID conflicts
03, 20, 2018 (14:42:35): Finished checks of EventsBaseID conflicts
03, 20, 2018 (14:42:35): End Log
