04, 03, 2018 (15:08:14): Opening rpy file C:\Program Files (x86)\IBM\Rational\Rhapsody Modeler\7.5\Share\Properties\PredefinedTypes.sbs
04, 03, 2018 (15:08:14): 
 Started loading C:\Program Files (x86)\IBM\Rational\Rhapsody Modeler\7.5\Share\Properties\PredefinedTypes.sbs on Tuesday, April 03, 2018 (15:08:14).-

04, 03, 2018 (15:08:14): 

Starting inUnit resolution phase


04, 03, 2018 (15:08:14): 

Finished inUnit resolution phase


04, 03, 2018 (15:08:14): 
 Finished loading C:\Program Files (x86)\IBM\Rational\Rhapsody Modeler\7.5\Share\Properties\PredefinedTypes.sbs on Tuesday, April 03, 2018 (15:08:14).-

04, 03, 2018 (15:08:14): Opening rpy file C:\Program Files (x86)\IBM\Rational\Rhapsody Modeler\7.5\Share\Properties\PredefinedTypesC++.sbs
04, 03, 2018 (15:08:14): 
 Started loading C:\Program Files (x86)\IBM\Rational\Rhapsody Modeler\7.5\Share\Properties\PredefinedTypesC++.sbs on Tuesday, April 03, 2018 (15:08:14).-

04, 03, 2018 (15:08:14): 

Starting inUnit resolution phase


04, 03, 2018 (15:08:14): 

Finished inUnit resolution phase


04, 03, 2018 (15:08:14): 
 Finished loading C:\Program Files (x86)\IBM\Rational\Rhapsody Modeler\7.5\Share\Properties\PredefinedTypesC++.sbs on Tuesday, April 03, 2018 (15:08:14).-

04, 03, 2018 (15:08:14): Opening rpy file C:\Users\aluno\Documents\gkk\IM420o\sysml\LED\LED.rpy
04, 03, 2018 (15:08:14): 
 Started loading C:\Users\aluno\Documents\gkk\IM420o\sysml\LED\LED.rpy on Tuesday, April 03, 2018 (15:08:14).-

04, 03, 2018 (15:08:14): Opening rpy file C:\Users\aluno\Documents\gkk\IM420o\sysml\LED\LED_rpy\Default.sbs
04, 03, 2018 (15:08:14): 
 Started loading C:\Users\aluno\Documents\gkk\IM420o\sysml\LED\LED_rpy\Default.sbs on Tuesday, April 03, 2018 (15:08:14).-

04, 03, 2018 (15:08:14): 

Starting inUnit resolution phase


04, 03, 2018 (15:08:14): 

Finished inUnit resolution phase


04, 03, 2018 (15:08:14): 
 Finished loading C:\Users\aluno\Documents\gkk\IM420o\sysml\LED\LED_rpy\Default.sbs on Tuesday, April 03, 2018 (15:08:14).-

04, 03, 2018 (15:08:14): Opening rpy file C:\Users\aluno\Documents\gkk\IM420o\sysml\LED\LED_rpy\SubsystemsPkg.sbs
04, 03, 2018 (15:08:14): 
 Started loading C:\Users\aluno\Documents\gkk\IM420o\sysml\LED\LED_rpy\SubsystemsPkg.sbs on Tuesday, April 03, 2018 (15:08:14).-

04, 03, 2018 (15:08:14): Opening rpy file C:\Users\aluno\Documents\gkk\IM420o\sysml\LED\LED_rpy\Task_RedLedPkg.sbs
04, 03, 2018 (15:08:14): 
 Started loading C:\Users\aluno\Documents\gkk\IM420o\sysml\LED\LED_rpy\Task_RedLedPkg.sbs on Tuesday, April 03, 2018 (15:08:14).-

04, 03, 2018 (15:08:14): 

Starting inUnit resolution phase


04, 03, 2018 (15:08:14): 

Finished inUnit resolution phase


04, 03, 2018 (15:08:14): 
 Finished loading C:\Users\aluno\Documents\gkk\IM420o\sysml\LED\LED_rpy\Task_RedLedPkg.sbs on Tuesday, April 03, 2018 (15:08:14).-

04, 03, 2018 (15:08:14): Opening rpy file C:\Users\aluno\Documents\gkk\IM420o\sysml\LED\LED_rpy\Task_BlueLedPkg.sbs
04, 03, 2018 (15:08:14): 
 Started loading C:\Users\aluno\Documents\gkk\IM420o\sysml\LED\LED_rpy\Task_BlueLedPkg.sbs on Tuesday, April 03, 2018 (15:08:14).-

04, 03, 2018 (15:08:14): 

Starting inUnit resolution phase


04, 03, 2018 (15:08:14): 

Finished inUnit resolution phase


04, 03, 2018 (15:08:14): 
 Finished loading C:\Users\aluno\Documents\gkk\IM420o\sysml\LED\LED_rpy\Task_BlueLedPkg.sbs on Tuesday, April 03, 2018 (15:08:14).-

04, 03, 2018 (15:08:14): Opening rpy file C:\Users\aluno\Documents\gkk\IM420o\sysml\LED\LED_rpy\Task_GreeLedPkg.sbs
04, 03, 2018 (15:08:14): 
 Started loading C:\Users\aluno\Documents\gkk\IM420o\sysml\LED\LED_rpy\Task_GreeLedPkg.sbs on Tuesday, April 03, 2018 (15:08:14).-

04, 03, 2018 (15:08:14): 

Starting inUnit resolution phase


04, 03, 2018 (15:08:14): 

Finished inUnit resolution phase


04, 03, 2018 (15:08:14): 
 Finished loading C:\Users\aluno\Documents\gkk\IM420o\sysml\LED\LED_rpy\Task_GreeLedPkg.sbs on Tuesday, April 03, 2018 (15:08:14).-

04, 03, 2018 (15:08:14): 

Starting inUnit resolution phase


04, 03, 2018 (15:08:14): 

Finished inUnit resolution phase


04, 03, 2018 (15:08:14): 
 Finished loading C:\Users\aluno\Documents\gkk\IM420o\sysml\LED\LED_rpy\SubsystemsPkg.sbs on Tuesday, April 03, 2018 (15:08:14).-

04, 03, 2018 (15:08:14): Opening rpy file C:\Users\aluno\Documents\gkk\IM420o\sysml\LED\LED_rpy\DefaultComponent.cmp
04, 03, 2018 (15:08:14): 
 Started loading C:\Users\aluno\Documents\gkk\IM420o\sysml\LED\LED_rpy\DefaultComponent.cmp on Tuesday, April 03, 2018 (15:08:14).-

04, 03, 2018 (15:08:14): 

Starting inUnit resolution phase


04, 03, 2018 (15:08:14): 

Finished inUnit resolution phase


04, 03, 2018 (15:08:14): 
 Finished loading C:\Users\aluno\Documents\gkk\IM420o\sysml\LED\LED_rpy\DefaultComponent.cmp on Tuesday, April 03, 2018 (15:08:14).-

04, 03, 2018 (15:08:14): 

Starting inUnit resolution phase


04, 03, 2018 (15:08:14): 

Finished inUnit resolution phase


04, 03, 2018 (15:08:14): 

Starting inUnit resolution phase


04, 03, 2018 (15:08:14): 

Finished inUnit resolution phase


04, 03, 2018 (15:08:14): 

Starting inUnit resolution phase


04, 03, 2018 (15:08:14): 

Finished inUnit resolution phase


04, 03, 2018 (15:08:14): 
 Finished loading C:\Users\aluno\Documents\gkk\IM420o\sysml\LED\LED.rpy on Tuesday, April 03, 2018 (15:08:14).-

04, 03, 2018 (15:08:14): Starting checks of EventsBaseID conflicts
04, 03, 2018 (15:08:14): Finished checks of EventsBaseID conflicts
04, 03, 2018 (15:08:14): End Log
