05, 15, 2018 (13:23:28): Opening rpy file C:\Program Files (x86)\IBM\Rational\Rhapsody Modeler\7.5\Share\Properties\PredefinedTypes.sbs
05, 15, 2018 (13:23:28): 
 Started loading C:\Program Files (x86)\IBM\Rational\Rhapsody Modeler\7.5\Share\Properties\PredefinedTypes.sbs on Tuesday, May 15, 2018 (13:23:28).-

05, 15, 2018 (13:23:28): 

Starting inUnit resolution phase


05, 15, 2018 (13:23:28): 

Finished inUnit resolution phase


05, 15, 2018 (13:23:28): 
 Finished loading C:\Program Files (x86)\IBM\Rational\Rhapsody Modeler\7.5\Share\Properties\PredefinedTypes.sbs on Tuesday, May 15, 2018 (13:23:28).-

05, 15, 2018 (13:23:28): Opening rpy file C:\Program Files (x86)\IBM\Rational\Rhapsody Modeler\7.5\Share\Properties\PredefinedTypesC++.sbs
05, 15, 2018 (13:23:28): 
 Started loading C:\Program Files (x86)\IBM\Rational\Rhapsody Modeler\7.5\Share\Properties\PredefinedTypesC++.sbs on Tuesday, May 15, 2018 (13:23:28).-

05, 15, 2018 (13:23:28): 

Starting inUnit resolution phase


05, 15, 2018 (13:23:28): 

Finished inUnit resolution phase


05, 15, 2018 (13:23:28): 
 Finished loading C:\Program Files (x86)\IBM\Rational\Rhapsody Modeler\7.5\Share\Properties\PredefinedTypesC++.sbs on Tuesday, May 15, 2018 (13:23:28).-

05, 15, 2018 (13:23:28): Opening rpy file C:\Users\aluno\Documents\IM420o\sysml\counting_semaphore\counting_semaphore.rpy
05, 15, 2018 (13:23:28): 
 Started loading C:\Users\aluno\Documents\IM420o\sysml\counting_semaphore\counting_semaphore.rpy on Tuesday, May 15, 2018 (13:23:28).-

05, 15, 2018 (13:23:28): Opening rpy file C:\Users\aluno\Documents\IM420o\sysml\counting_semaphore\counting_semaphore_rpy\Default.sbs
05, 15, 2018 (13:23:28): 
 Started loading C:\Users\aluno\Documents\IM420o\sysml\counting_semaphore\counting_semaphore_rpy\Default.sbs on Tuesday, May 15, 2018 (13:23:28).-

05, 15, 2018 (13:23:28): 

Starting inUnit resolution phase


05, 15, 2018 (13:23:28): 

Finished inUnit resolution phase


05, 15, 2018 (13:23:28): 
 Finished loading C:\Users\aluno\Documents\IM420o\sysml\counting_semaphore\counting_semaphore_rpy\Default.sbs on Tuesday, May 15, 2018 (13:23:28).-

05, 15, 2018 (13:23:28): Opening rpy file C:\Users\aluno\Documents\IM420o\sysml\counting_semaphore\counting_semaphore_rpy\SubsystemsPkg.sbs
05, 15, 2018 (13:23:28): 
 Started loading C:\Users\aluno\Documents\IM420o\sysml\counting_semaphore\counting_semaphore_rpy\SubsystemsPkg.sbs on Tuesday, May 15, 2018 (13:23:28).-

05, 15, 2018 (13:23:28): Opening rpy file C:\Users\aluno\Documents\IM420o\sysml\counting_semaphore\counting_semaphore_rpy\task_blue_LED_OFF.sbs
05, 15, 2018 (13:23:28): 
 Started loading C:\Users\aluno\Documents\IM420o\sysml\counting_semaphore\counting_semaphore_rpy\task_blue_LED_OFF.sbs on Tuesday, May 15, 2018 (13:23:28).-

05, 15, 2018 (13:23:28): 

Starting inUnit resolution phase


05, 15, 2018 (13:23:28): 

Finished inUnit resolution phase


05, 15, 2018 (13:23:28): 
 Finished loading C:\Users\aluno\Documents\IM420o\sysml\counting_semaphore\counting_semaphore_rpy\task_blue_LED_OFF.sbs on Tuesday, May 15, 2018 (13:23:28).-

05, 15, 2018 (13:23:28): Opening rpy file C:\Users\aluno\Documents\IM420o\sysml\counting_semaphore\counting_semaphore_rpy\task_blue_LED_ON.sbs
05, 15, 2018 (13:23:28): 
 Started loading C:\Users\aluno\Documents\IM420o\sysml\counting_semaphore\counting_semaphore_rpy\task_blue_LED_ON.sbs on Tuesday, May 15, 2018 (13:23:28).-

05, 15, 2018 (13:23:28): 

Starting inUnit resolution phase


05, 15, 2018 (13:23:28): 

Finished inUnit resolution phase


05, 15, 2018 (13:23:28): 
 Finished loading C:\Users\aluno\Documents\IM420o\sysml\counting_semaphore\counting_semaphore_rpy\task_blue_LED_ON.sbs on Tuesday, May 15, 2018 (13:23:28).-

05, 15, 2018 (13:23:28): Opening rpy file C:\Users\aluno\Documents\IM420o\sysml\counting_semaphore\counting_semaphore_rpy\FreeRTOS_kernel.sbs
05, 15, 2018 (13:23:28): 
 Started loading C:\Users\aluno\Documents\IM420o\sysml\counting_semaphore\counting_semaphore_rpy\FreeRTOS_kernel.sbs on Tuesday, May 15, 2018 (13:23:28).-

05, 15, 2018 (13:23:28): 

Starting inUnit resolution phase


05, 15, 2018 (13:23:28): 

Finished inUnit resolution phase


05, 15, 2018 (13:23:28): 
 Finished loading C:\Users\aluno\Documents\IM420o\sysml\counting_semaphore\counting_semaphore_rpy\FreeRTOS_kernel.sbs on Tuesday, May 15, 2018 (13:23:28).-

05, 15, 2018 (13:23:28): Opening rpy file C:\Users\aluno\Documents\IM420o\sysml\counting_semaphore\counting_semaphore_rpy\FRDM_K64F.sbs
05, 15, 2018 (13:23:28): 
 Started loading C:\Users\aluno\Documents\IM420o\sysml\counting_semaphore\counting_semaphore_rpy\FRDM_K64F.sbs on Tuesday, May 15, 2018 (13:23:28).-

05, 15, 2018 (13:23:28): 

Starting inUnit resolution phase


05, 15, 2018 (13:23:28): 

Finished inUnit resolution phase


05, 15, 2018 (13:23:28): 
 Finished loading C:\Users\aluno\Documents\IM420o\sysml\counting_semaphore\counting_semaphore_rpy\FRDM_K64F.sbs on Tuesday, May 15, 2018 (13:23:28).-

05, 15, 2018 (13:23:28): Opening rpy file C:\Users\aluno\Documents\IM420o\sysml\counting_semaphore\counting_semaphore_rpy\task_free_resource.sbs
05, 15, 2018 (13:23:28): 
 Started loading C:\Users\aluno\Documents\IM420o\sysml\counting_semaphore\counting_semaphore_rpy\task_free_resource.sbs on Tuesday, May 15, 2018 (13:23:28).-

05, 15, 2018 (13:23:28): 

Starting inUnit resolution phase


05, 15, 2018 (13:23:28): 

Finished inUnit resolution phase


05, 15, 2018 (13:23:28): 
 Finished loading C:\Users\aluno\Documents\IM420o\sysml\counting_semaphore\counting_semaphore_rpy\task_free_resource.sbs on Tuesday, May 15, 2018 (13:23:28).-

05, 15, 2018 (13:23:28): 

Starting inUnit resolution phase


05, 15, 2018 (13:23:28): 

Finished inUnit resolution phase


05, 15, 2018 (13:23:28): 
 Finished loading C:\Users\aluno\Documents\IM420o\sysml\counting_semaphore\counting_semaphore_rpy\SubsystemsPkg.sbs on Tuesday, May 15, 2018 (13:23:28).-

05, 15, 2018 (13:23:28): Opening rpy file C:\Users\aluno\Documents\IM420o\sysml\counting_semaphore\counting_semaphore_rpy\DefaultComponent.cmp
05, 15, 2018 (13:23:28): 
 Started loading C:\Users\aluno\Documents\IM420o\sysml\counting_semaphore\counting_semaphore_rpy\DefaultComponent.cmp on Tuesday, May 15, 2018 (13:23:28).-

05, 15, 2018 (13:23:28): 

Starting inUnit resolution phase


05, 15, 2018 (13:23:28): 

Finished inUnit resolution phase


05, 15, 2018 (13:23:28): 
 Finished loading C:\Users\aluno\Documents\IM420o\sysml\counting_semaphore\counting_semaphore_rpy\DefaultComponent.cmp on Tuesday, May 15, 2018 (13:23:28).-

05, 15, 2018 (13:23:28): 

Starting inUnit resolution phase


05, 15, 2018 (13:23:28): 

Finished inUnit resolution phase


05, 15, 2018 (13:23:28): 

Starting inUnit resolution phase


05, 15, 2018 (13:23:28): 

Finished inUnit resolution phase


05, 15, 2018 (13:23:28): 

Starting inUnit resolution phase


05, 15, 2018 (13:23:28): 

Finished inUnit resolution phase


05, 15, 2018 (13:23:28): 
 Finished loading C:\Users\aluno\Documents\IM420o\sysml\counting_semaphore\counting_semaphore.rpy on Tuesday, May 15, 2018 (13:23:28).-

05, 15, 2018 (13:23:28): Starting checks of EventsBaseID conflicts
05, 15, 2018 (13:23:28): Finished checks of EventsBaseID conflicts
05, 15, 2018 (13:23:28): End Log
