04, 26, 2018 (16:51:22): Opening rpy file C:\Program Files (x86)\IBM\Rational\Rhapsody Modeler\7.5\Share\Properties\PredefinedTypes.sbs
04, 26, 2018 (16:51:22): 
 Started loading C:\Program Files (x86)\IBM\Rational\Rhapsody Modeler\7.5\Share\Properties\PredefinedTypes.sbs on Thursday, April 26, 2018 (16:51:22).-

04, 26, 2018 (16:51:22): 

Starting inUnit resolution phase


04, 26, 2018 (16:51:22): 

Finished inUnit resolution phase


04, 26, 2018 (16:51:22): 
 Finished loading C:\Program Files (x86)\IBM\Rational\Rhapsody Modeler\7.5\Share\Properties\PredefinedTypes.sbs on Thursday, April 26, 2018 (16:51:22).-

04, 26, 2018 (16:51:22): Opening rpy file C:\Program Files (x86)\IBM\Rational\Rhapsody Modeler\7.5\Share\Properties\PredefinedTypesC++.sbs
04, 26, 2018 (16:51:22): 
 Started loading C:\Program Files (x86)\IBM\Rational\Rhapsody Modeler\7.5\Share\Properties\PredefinedTypesC++.sbs on Thursday, April 26, 2018 (16:51:22).-

04, 26, 2018 (16:51:22): 

Starting inUnit resolution phase


04, 26, 2018 (16:51:22): 

Finished inUnit resolution phase


04, 26, 2018 (16:51:22): 
 Finished loading C:\Program Files (x86)\IBM\Rational\Rhapsody Modeler\7.5\Share\Properties\PredefinedTypesC++.sbs on Thursday, April 26, 2018 (16:51:22).-

04, 26, 2018 (16:51:22): Opening rpy file D:\Users\guilherme\Documents\University\Current Semester\IM420_O\IM420O\sysml\Mutex\Mutex.rpy
04, 26, 2018 (16:51:22): 
 Started loading D:\Users\guilherme\Documents\University\Current Semester\IM420_O\IM420O\sysml\Mutex\Mutex.rpy on Thursday, April 26, 2018 (16:51:22).-

04, 26, 2018 (16:51:22): Opening rpy file D:\Users\guilherme\Documents\University\Current Semester\IM420_O\IM420O\sysml\Mutex\Mutex_rpy\Default.sbs
04, 26, 2018 (16:51:22): 
 Started loading D:\Users\guilherme\Documents\University\Current Semester\IM420_O\IM420O\sysml\Mutex\Mutex_rpy\Default.sbs on Thursday, April 26, 2018 (16:51:22).-

04, 26, 2018 (16:51:22): 

Starting inUnit resolution phase


04, 26, 2018 (16:51:22): 

Finished inUnit resolution phase


04, 26, 2018 (16:51:22): 
 Finished loading D:\Users\guilherme\Documents\University\Current Semester\IM420_O\IM420O\sysml\Mutex\Mutex_rpy\Default.sbs on Thursday, April 26, 2018 (16:51:22).-

04, 26, 2018 (16:51:22): Opening rpy file D:\Users\guilherme\Documents\University\Current Semester\IM420_O\IM420O\sysml\Mutex\Mutex_rpy\SubsystemsPkg.sbs
04, 26, 2018 (16:51:22): 
 Started loading D:\Users\guilherme\Documents\University\Current Semester\IM420_O\IM420O\sysml\Mutex\Mutex_rpy\SubsystemsPkg.sbs on Thursday, April 26, 2018 (16:51:22).-

04, 26, 2018 (16:51:22): Opening rpy file D:\Users\guilherme\Documents\University\Current Semester\IM420_O\IM420O\sysml\Mutex\Mutex_rpy\task_blue_LED_OFF.sbs
04, 26, 2018 (16:51:22): 
 Started loading D:\Users\guilherme\Documents\University\Current Semester\IM420_O\IM420O\sysml\Mutex\Mutex_rpy\task_blue_LED_OFF.sbs on Thursday, April 26, 2018 (16:51:22).-

04, 26, 2018 (16:51:22): 

Starting inUnit resolution phase


04, 26, 2018 (16:51:22): 

Finished inUnit resolution phase


04, 26, 2018 (16:51:22): 
 Finished loading D:\Users\guilherme\Documents\University\Current Semester\IM420_O\IM420O\sysml\Mutex\Mutex_rpy\task_blue_LED_OFF.sbs on Thursday, April 26, 2018 (16:51:22).-

04, 26, 2018 (16:51:22): Opening rpy file D:\Users\guilherme\Documents\University\Current Semester\IM420_O\IM420O\sysml\Mutex\Mutex_rpy\task_blue_LED_ON.sbs
04, 26, 2018 (16:51:22): 
 Started loading D:\Users\guilherme\Documents\University\Current Semester\IM420_O\IM420O\sysml\Mutex\Mutex_rpy\task_blue_LED_ON.sbs on Thursday, April 26, 2018 (16:51:22).-

04, 26, 2018 (16:51:22): 

Starting inUnit resolution phase


04, 26, 2018 (16:51:22): 

Finished inUnit resolution phase


04, 26, 2018 (16:51:22): 
 Finished loading D:\Users\guilherme\Documents\University\Current Semester\IM420_O\IM420O\sysml\Mutex\Mutex_rpy\task_blue_LED_ON.sbs on Thursday, April 26, 2018 (16:51:22).-

04, 26, 2018 (16:51:22): Opening rpy file D:\Users\guilherme\Documents\University\Current Semester\IM420_O\IM420O\sysml\Mutex\Mutex_rpy\FreeRTOS_kernel.sbs
04, 26, 2018 (16:51:22): 
 Started loading D:\Users\guilherme\Documents\University\Current Semester\IM420_O\IM420O\sysml\Mutex\Mutex_rpy\FreeRTOS_kernel.sbs on Thursday, April 26, 2018 (16:51:22).-

04, 26, 2018 (16:51:22): 

Starting inUnit resolution phase


04, 26, 2018 (16:51:22): 

Finished inUnit resolution phase


04, 26, 2018 (16:51:22): 
 Finished loading D:\Users\guilherme\Documents\University\Current Semester\IM420_O\IM420O\sysml\Mutex\Mutex_rpy\FreeRTOS_kernel.sbs on Thursday, April 26, 2018 (16:51:22).-

04, 26, 2018 (16:51:22): Opening rpy file D:\Users\guilherme\Documents\University\Current Semester\IM420_O\IM420O\sysml\Mutex\Mutex_rpy\FRDM_K64F.sbs
04, 26, 2018 (16:51:22): 
 Started loading D:\Users\guilherme\Documents\University\Current Semester\IM420_O\IM420O\sysml\Mutex\Mutex_rpy\FRDM_K64F.sbs on Thursday, April 26, 2018 (16:51:22).-

04, 26, 2018 (16:51:22): 

Starting inUnit resolution phase


04, 26, 2018 (16:51:22): 

Finished inUnit resolution phase


04, 26, 2018 (16:51:22): 
 Finished loading D:\Users\guilherme\Documents\University\Current Semester\IM420_O\IM420O\sysml\Mutex\Mutex_rpy\FRDM_K64F.sbs on Thursday, April 26, 2018 (16:51:22).-

04, 26, 2018 (16:51:22): 

Starting inUnit resolution phase


04, 26, 2018 (16:51:22): 

Finished inUnit resolution phase


04, 26, 2018 (16:51:22): 
 Finished loading D:\Users\guilherme\Documents\University\Current Semester\IM420_O\IM420O\sysml\Mutex\Mutex_rpy\SubsystemsPkg.sbs on Thursday, April 26, 2018 (16:51:22).-

04, 26, 2018 (16:51:22): Opening rpy file D:\Users\guilherme\Documents\University\Current Semester\IM420_O\IM420O\sysml\Mutex\Mutex_rpy\DefaultComponent.cmp
04, 26, 2018 (16:51:22): 
 Started loading D:\Users\guilherme\Documents\University\Current Semester\IM420_O\IM420O\sysml\Mutex\Mutex_rpy\DefaultComponent.cmp on Thursday, April 26, 2018 (16:51:22).-

04, 26, 2018 (16:51:22): 

Starting inUnit resolution phase


04, 26, 2018 (16:51:22): 

Finished inUnit resolution phase


04, 26, 2018 (16:51:22): 
 Finished loading D:\Users\guilherme\Documents\University\Current Semester\IM420_O\IM420O\sysml\Mutex\Mutex_rpy\DefaultComponent.cmp on Thursday, April 26, 2018 (16:51:22).-

04, 26, 2018 (16:51:22): 

Starting inUnit resolution phase


04, 26, 2018 (16:51:22): 

Finished inUnit resolution phase


04, 26, 2018 (16:51:22): 

Starting inUnit resolution phase


04, 26, 2018 (16:51:22): 

Finished inUnit resolution phase


04, 26, 2018 (16:51:22): 

Starting inUnit resolution phase


04, 26, 2018 (16:51:22): 

Finished inUnit resolution phase


04, 26, 2018 (16:51:22): 
 Finished loading D:\Users\guilherme\Documents\University\Current Semester\IM420_O\IM420O\sysml\Mutex\Mutex.rpy on Thursday, April 26, 2018 (16:51:22).-

04, 26, 2018 (16:51:22): Starting checks of EventsBaseID conflicts
04, 26, 2018 (16:51:22): Finished checks of EventsBaseID conflicts
04, 26, 2018 (16:51:22): End Log
